{"/home/pastor/Documentos/Microverse/Js/To-Do-List/src/addproject.js": {"path":"/home/pastor/Documentos/Microverse/Js/To-Do-List/src/addproject.js","statementMap":{"0":{"start":{"line":3,"column":4},"end":{"line":3,"column":23}},"1":{"start":{"line":4,"column":4},"end":{"line":4,"column":20}}},"fnMap":{"0":{"name":"(anonymous_0)","decl":{"start":{"line":2,"column":2},"end":{"line":2,"column":3}},"loc":{"start":{"line":2,"column":21},"end":{"line":5,"column":3}},"line":2}},"branchMap":{},"s":{"0":7,"1":7},"f":{"0":7},"b":{},"_coverageSchema":"1a1c01bbd47fc00a2c39e90264f33305004495a9","hash":"03b07c786fe78513009b9ddceab621bf1be5a3f4"}
,"/home/pastor/Documentos/Microverse/Js/To-Do-List/src/addtask.js": {"path":"/home/pastor/Documentos/Microverse/Js/To-Do-List/src/addtask.js","statementMap":{"0":{"start":{"line":3,"column":4},"end":{"line":3,"column":23}},"1":{"start":{"line":4,"column":4},"end":{"line":4,"column":29}},"2":{"start":{"line":5,"column":4},"end":{"line":5,"column":21}},"3":{"start":{"line":6,"column":4},"end":{"line":6,"column":35}},"4":{"start":{"line":7,"column":4},"end":{"line":7,"column":20}},"5":{"start":{"line":8,"column":4},"end":{"line":8,"column":28}}},"fnMap":{"0":{"name":"(anonymous_0)","decl":{"start":{"line":2,"column":2},"end":{"line":2,"column":3}},"loc":{"start":{"line":2,"column":50},"end":{"line":9,"column":3}},"line":2}},"branchMap":{},"s":{"0":3,"1":3,"2":3,"3":3,"4":3,"5":3},"f":{"0":3},"b":{},"_coverageSchema":"1a1c01bbd47fc00a2c39e90264f33305004495a9","hash":"a9d318c0c8f2edbd0a240ee90ff697117c737e06"}
,"/home/pastor/Documentos/Microverse/Js/To-Do-List/src/library.js": {"path":"/home/pastor/Documentos/Microverse/Js/To-Do-List/src/library.js","statementMap":{"0":{"start":{"line":9,"column":4},"end":{"line":9,"column":25}},"1":{"start":{"line":10,"column":4},"end":{"line":10,"column":71}},"2":{"start":{"line":14,"column":4},"end":{"line":14,"column":34}},"3":{"start":{"line":15,"column":4},"end":{"line":15,"column":31}},"4":{"start":{"line":16,"column":4},"end":{"line":16,"column":27}},"5":{"start":{"line":20,"column":4},"end":{"line":20,"column":17}},"6":{"start":{"line":21,"column":16},"end":{"line":21,"column":45}},"7":{"start":{"line":22,"column":22},"end":{"line":22,"column":67}},"8":{"start":{"line":23,"column":4},"end":{"line":23,"column":31}},"9":{"start":{"line":24,"column":4},"end":{"line":52,"column":5}},"10":{"start":{"line":24,"column":17},"end":{"line":24,"column":18}},"11":{"start":{"line":25,"column":20},"end":{"line":25,"column":49}},"12":{"start":{"line":26,"column":19},"end":{"line":26,"column":49}},"13":{"start":{"line":27,"column":25},"end":{"line":27,"column":57}},"14":{"start":{"line":28,"column":6},"end":{"line":28,"column":29}},"15":{"start":{"line":29,"column":6},"end":{"line":29,"column":30}},"16":{"start":{"line":30,"column":6},"end":{"line":30,"column":36}},"17":{"start":{"line":31,"column":6},"end":{"line":31,"column":50}},"18":{"start":{"line":32,"column":6},"end":{"line":32,"column":57}},"19":{"start":{"line":33,"column":6},"end":{"line":33,"column":48}},"20":{"start":{"line":34,"column":6},"end":{"line":34,"column":48}},"21":{"start":{"line":35,"column":6},"end":{"line":35,"column":59}},"22":{"start":{"line":36,"column":6},"end":{"line":40,"column":9}},"23":{"start":{"line":37,"column":8},"end":{"line":37,"column":37}},"24":{"start":{"line":38,"column":8},"end":{"line":38,"column":28}},"25":{"start":{"line":39,"column":8},"end":{"line":39,"column":22}},"26":{"start":{"line":41,"column":6},"end":{"line":41,"column":128}},"27":{"start":{"line":42,"column":6},"end":{"line":46,"column":9}},"28":{"start":{"line":43,"column":8},"end":{"line":43,"column":61}},"29":{"start":{"line":44,"column":8},"end":{"line":44,"column":42}},"30":{"start":{"line":45,"column":8},"end":{"line":45,"column":22}},"31":{"start":{"line":47,"column":6},"end":{"line":51,"column":7}},"32":{"start":{"line":48,"column":8},"end":{"line":48,"column":61}},"33":{"start":{"line":49,"column":8},"end":{"line":49,"column":42}},"34":{"start":{"line":50,"column":8},"end":{"line":50,"column":22}},"35":{"start":{"line":53,"column":4},"end":{"line":53,"column":19}},"36":{"start":{"line":57,"column":19},"end":{"line":57,"column":37}},"37":{"start":{"line":58,"column":4},"end":{"line":60,"column":5}},"38":{"start":{"line":59,"column":6},"end":{"line":59,"column":44}}},"fnMap":{"0":{"name":"(anonymous_0)","decl":{"start":{"line":8,"column":2},"end":{"line":8,"column":3}},"loc":{"start":{"line":8,"column":16},"end":{"line":11,"column":3}},"line":8},"1":{"name":"(anonymous_1)","decl":{"start":{"line":13,"column":2},"end":{"line":13,"column":3}},"loc":{"start":{"line":13,"column":31},"end":{"line":17,"column":3}},"line":13},"2":{"name":"(anonymous_2)","decl":{"start":{"line":19,"column":2},"end":{"line":19,"column":3}},"loc":{"start":{"line":19,"column":24},"end":{"line":54,"column":3}},"line":19},"3":{"name":"(anonymous_3)","decl":{"start":{"line":36,"column":43},"end":{"line":36,"column":44}},"loc":{"start":{"line":36,"column":60},"end":{"line":40,"column":7}},"line":36},"4":{"name":"(anonymous_4)","decl":{"start":{"line":42,"column":37},"end":{"line":42,"column":38}},"loc":{"start":{"line":42,"column":45},"end":{"line":46,"column":7}},"line":42},"5":{"name":"(anonymous_5)","decl":{"start":{"line":56,"column":2},"end":{"line":56,"column":3}},"loc":{"start":{"line":56,"column":10},"end":{"line":61,"column":3}},"line":56}},"branchMap":{"0":{"loc":{"start":{"line":47,"column":6},"end":{"line":51,"column":7}},"type":"if","locations":[{"start":{"line":47,"column":6},"end":{"line":51,"column":7}},{"start":{"line":47,"column":6},"end":{"line":51,"column":7}}],"line":47}},"s":{"0":7,"1":7,"2":1,"3":1,"4":1,"5":2,"6":2,"7":2,"8":2,"9":2,"10":2,"11":2,"12":2,"13":2,"14":2,"15":2,"16":2,"17":2,"18":2,"19":2,"20":2,"21":2,"22":2,"23":0,"24":0,"25":0,"26":2,"27":2,"28":0,"29":0,"30":0,"31":2,"32":0,"33":0,"34":0,"35":2,"36":2,"37":2,"38":1},"f":{"0":7,"1":1,"2":2,"3":0,"4":0,"5":2},"b":{"0":[0,2]},"_coverageSchema":"1a1c01bbd47fc00a2c39e90264f33305004495a9","hash":"367f333a623efbeb0de80fc3e9a85e4f07eb4355"}
,"/home/pastor/Documentos/Microverse/Js/To-Do-List/src/render.js": {"path":"/home/pastor/Documentos/Microverse/Js/To-Do-List/src/render.js","statementMap":{"0":{"start":{"line":8,"column":17},"end":{"line":8,"column":18}},"1":{"start":{"line":11,"column":2},"end":{"line":13,"column":3}},"2":{"start":{"line":12,"column":4},"end":{"line":12,"column":48}},"3":{"start":{"line":17,"column":23},"end":{"line":17,"column":62}},"4":{"start":{"line":18,"column":17},"end":{"line":18,"column":58}},"5":{"start":{"line":19,"column":15},"end":{"line":19,"column":46}},"6":{"start":{"line":20,"column":22},"end":{"line":20,"column":60}},"7":{"start":{"line":21,"column":2},"end":{"line":21,"column":40}},"8":{"start":{"line":22,"column":2},"end":{"line":22,"column":34}},"9":{"start":{"line":23,"column":2},"end":{"line":23,"column":32}},"10":{"start":{"line":24,"column":2},"end":{"line":24,"column":39}},"11":{"start":{"line":28,"column":15},"end":{"line":28,"column":51}},"12":{"start":{"line":29,"column":17},"end":{"line":29,"column":58}},"13":{"start":{"line":30,"column":15},"end":{"line":30,"column":46}},"14":{"start":{"line":31,"column":22},"end":{"line":31,"column":60}},"15":{"start":{"line":32,"column":15},"end":{"line":32,"column":80}},"16":{"start":{"line":33,"column":2},"end":{"line":33,"column":22}},"17":{"start":{"line":34,"column":2},"end":{"line":34,"column":17}},"18":{"start":{"line":38,"column":24},"end":{"line":38,"column":60}},"19":{"start":{"line":39,"column":15},"end":{"line":39,"column":45}},"20":{"start":{"line":40,"column":16},"end":{"line":40,"column":47}},"21":{"start":{"line":41,"column":22},"end":{"line":41,"column":56}},"22":{"start":{"line":42,"column":17},"end":{"line":42,"column":49}},"23":{"start":{"line":43,"column":17},"end":{"line":43,"column":49}},"24":{"start":{"line":44,"column":19},"end":{"line":44,"column":49}},"25":{"start":{"line":45,"column":14},"end":{"line":45,"column":46}},"26":{"start":{"line":46,"column":14},"end":{"line":46,"column":46}},"27":{"start":{"line":47,"column":14},"end":{"line":47,"column":46}},"28":{"start":{"line":48,"column":15},"end":{"line":48,"column":46}},"29":{"start":{"line":49,"column":2},"end":{"line":49,"column":34}},"30":{"start":{"line":50,"column":2},"end":{"line":50,"column":26}},"31":{"start":{"line":51,"column":2},"end":{"line":51,"column":32}},"32":{"start":{"line":52,"column":2},"end":{"line":52,"column":29}},"33":{"start":{"line":53,"column":2},"end":{"line":53,"column":27}},"34":{"start":{"line":54,"column":2},"end":{"line":54,"column":26}},"35":{"start":{"line":55,"column":2},"end":{"line":55,"column":26}},"36":{"start":{"line":56,"column":2},"end":{"line":56,"column":26}},"37":{"start":{"line":57,"column":2},"end":{"line":57,"column":25}},"38":{"start":{"line":58,"column":2},"end":{"line":58,"column":27}},"39":{"start":{"line":59,"column":2},"end":{"line":59,"column":54}},"40":{"start":{"line":60,"column":2},"end":{"line":60,"column":39}},"41":{"start":{"line":61,"column":2},"end":{"line":61,"column":54}},"42":{"start":{"line":62,"column":2},"end":{"line":62,"column":40}},"43":{"start":{"line":63,"column":2},"end":{"line":63,"column":57}},"44":{"start":{"line":64,"column":2},"end":{"line":64,"column":48}},"45":{"start":{"line":65,"column":2},"end":{"line":65,"column":27}},"46":{"start":{"line":66,"column":2},"end":{"line":66,"column":52}},"47":{"start":{"line":67,"column":2},"end":{"line":67,"column":40}},"48":{"start":{"line":68,"column":2},"end":{"line":68,"column":26}},"49":{"start":{"line":69,"column":2},"end":{"line":69,"column":29}},"50":{"start":{"line":70,"column":2},"end":{"line":70,"column":27}},"51":{"start":{"line":71,"column":2},"end":{"line":71,"column":37}},"52":{"start":{"line":72,"column":2},"end":{"line":72,"column":41}},"53":{"start":{"line":73,"column":2},"end":{"line":73,"column":46}},"54":{"start":{"line":74,"column":2},"end":{"line":74,"column":58}},"55":{"start":{"line":75,"column":2},"end":{"line":75,"column":46}},"56":{"start":{"line":76,"column":2},"end":{"line":76,"column":36}},"57":{"start":{"line":77,"column":2},"end":{"line":77,"column":56}},"58":{"start":{"line":78,"column":2},"end":{"line":78,"column":34}},"59":{"start":{"line":79,"column":2},"end":{"line":79,"column":40}},"60":{"start":{"line":80,"column":2},"end":{"line":87,"column":5}},"61":{"start":{"line":81,"column":4},"end":{"line":81,"column":19}},"62":{"start":{"line":82,"column":17},"end":{"line":82,"column":57}},"63":{"start":{"line":83,"column":4},"end":{"line":83,"column":17}},"64":{"start":{"line":84,"column":4},"end":{"line":84,"column":11}},"65":{"start":{"line":85,"column":4},"end":{"line":85,"column":13}},"66":{"start":{"line":86,"column":4},"end":{"line":86,"column":18}},"67":{"start":{"line":88,"column":2},"end":{"line":88,"column":14}},"68":{"start":{"line":90,"column":15},"end":{"line":117,"column":1}},"69":{"start":{"line":91,"column":2},"end":{"line":115,"column":3}},"70":{"start":{"line":92,"column":4},"end":{"line":92,"column":28}},"71":{"start":{"line":94,"column":22},"end":{"line":94,"column":64}},"72":{"start":{"line":95,"column":4},"end":{"line":95,"column":30}},"73":{"start":{"line":96,"column":16},"end":{"line":96,"column":45}},"74":{"start":{"line":97,"column":18},"end":{"line":97,"column":47}},"75":{"start":{"line":98,"column":21},"end":{"line":98,"column":50}},"76":{"start":{"line":99,"column":19},"end":{"line":99,"column":47}},"77":{"start":{"line":100,"column":26},"end":{"line":100,"column":55}},"78":{"start":{"line":101,"column":26},"end":{"line":101,"column":55}},"79":{"start":{"line":102,"column":4},"end":{"line":102,"column":31}},"80":{"start":{"line":103,"column":4},"end":{"line":103,"column":27}},"81":{"start":{"line":104,"column":4},"end":{"line":104,"column":38}},"82":{"start":{"line":105,"column":4},"end":{"line":105,"column":32}},"83":{"start":{"line":106,"column":4},"end":{"line":106,"column":30}},"84":{"start":{"line":107,"column":4},"end":{"line":107,"column":37}},"85":{"start":{"line":108,"column":4},"end":{"line":108,"column":37}},"86":{"start":{"line":109,"column":4},"end":{"line":109,"column":46}},"87":{"start":{"line":110,"column":4},"end":{"line":110,"column":50}},"88":{"start":{"line":111,"column":4},"end":{"line":111,"column":22}},"89":{"start":{"line":112,"column":4},"end":{"line":112,"column":41}},"90":{"start":{"line":113,"column":4},"end":{"line":113,"column":51}},"91":{"start":{"line":114,"column":4},"end":{"line":114,"column":47}},"92":{"start":{"line":116,"column":2},"end":{"line":116,"column":14}}},"fnMap":{"0":{"name":"clearcontainer","decl":{"start":{"line":10,"column":9},"end":{"line":10,"column":23}},"loc":{"start":{"line":10,"column":35},"end":{"line":14,"column":1}},"line":10},"1":{"name":"hide","decl":{"start":{"line":16,"column":9},"end":{"line":16,"column":13}},"loc":{"start":{"line":16,"column":16},"end":{"line":25,"column":1}},"line":16},"2":{"name":"submitform","decl":{"start":{"line":27,"column":9},"end":{"line":27,"column":19}},"loc":{"start":{"line":27,"column":24},"end":{"line":35,"column":1}},"line":27},"3":{"name":"form","decl":{"start":{"line":37,"column":9},"end":{"line":37,"column":13}},"loc":{"start":{"line":37,"column":27},"end":{"line":89,"column":1}},"line":37},"4":{"name":"(anonymous_4)","decl":{"start":{"line":80,"column":35},"end":{"line":80,"column":36}},"loc":{"start":{"line":80,"column":45},"end":{"line":87,"column":3}},"line":80},"5":{"name":"(anonymous_5)","decl":{"start":{"line":90,"column":15},"end":{"line":90,"column":16}},"loc":{"start":{"line":90,"column":37},"end":{"line":117,"column":1}},"line":90}},"branchMap":{"0":{"loc":{"start":{"line":91,"column":2},"end":{"line":115,"column":3}},"type":"if","locations":[{"start":{"line":91,"column":2},"end":{"line":115,"column":3}},{"start":{"line":91,"column":2},"end":{"line":115,"column":3}}],"line":91}},"s":{"0":7,"1":3,"2":0,"3":0,"4":0,"5":0,"6":0,"7":0,"8":0,"9":0,"10":0,"11":1,"12":1,"13":1,"14":1,"15":1,"16":1,"17":1,"18":2,"19":2,"20":2,"21":2,"22":2,"23":2,"24":2,"25":2,"26":2,"27":2,"28":2,"29":2,"30":2,"31":2,"32":2,"33":2,"34":2,"35":2,"36":2,"37":2,"38":2,"39":2,"40":2,"41":2,"42":2,"43":2,"44":2,"45":2,"46":2,"47":2,"48":2,"49":2,"50":2,"51":2,"52":2,"53":2,"54":2,"55":2,"56":2,"57":2,"58":2,"59":2,"60":2,"61":0,"62":0,"63":0,"64":0,"65":0,"66":0,"67":2,"68":7,"69":1,"70":0,"71":1,"72":1,"73":1,"74":1,"75":1,"76":1,"77":1,"78":1,"79":1,"80":1,"81":1,"82":1,"83":1,"84":1,"85":1,"86":1,"87":1,"88":1,"89":1,"90":1,"91":1,"92":1},"f":{"0":3,"1":0,"2":1,"3":2,"4":0,"5":1},"b":{"0":[0,1]},"_coverageSchema":"1a1c01bbd47fc00a2c39e90264f33305004495a9","hash":"eb91a6b85ad093caa991b9233c49835c35487876"}
,"/home/pastor/Documentos/Microverse/Js/To-Do-List/src/save.js": {"path":"/home/pastor/Documentos/Microverse/Js/To-Do-List/src/save.js","statementMap":{"0":{"start":{"line":1,"column":13},"end":{"line":5,"column":1}},"1":{"start":{"line":2,"column":2},"end":{"line":2,"column":45}},"2":{"start":{"line":3,"column":2},"end":{"line":3,"column":39}},"3":{"start":{"line":4,"column":2},"end":{"line":4,"column":14}}},"fnMap":{"0":{"name":"(anonymous_0)","decl":{"start":{"line":1,"column":13},"end":{"line":1,"column":14}},"loc":{"start":{"line":1,"column":22},"end":{"line":5,"column":1}},"line":1}},"branchMap":{},"s":{"0":7,"1":1,"2":1,"3":1},"f":{"0":1},"b":{},"_coverageSchema":"1a1c01bbd47fc00a2c39e90264f33305004495a9","hash":"a09eb27c426436a1b73678a964034baff0d69ddc"}
,"/home/pastor/Documentos/Microverse/Js/To-Do-List/src/todos.js": {"path":"/home/pastor/Documentos/Microverse/Js/To-Do-List/src/todos.js","statementMap":{"0":{"start":{"line":7,"column":14},"end":{"line":37,"column":1}},"1":{"start":{"line":8,"column":20},"end":{"line":8,"column":62}},"2":{"start":{"line":9,"column":2},"end":{"line":9,"column":28}},"3":{"start":{"line":10,"column":14},"end":{"line":10,"column":43}},"4":{"start":{"line":11,"column":16},"end":{"line":11,"column":45}},"5":{"start":{"line":12,"column":19},"end":{"line":12,"column":48}},"6":{"start":{"line":13,"column":17},"end":{"line":13,"column":45}},"7":{"start":{"line":14,"column":24},"end":{"line":14,"column":53}},"8":{"start":{"line":15,"column":2},"end":{"line":15,"column":29}},"9":{"start":{"line":16,"column":2},"end":{"line":16,"column":25}},"10":{"start":{"line":17,"column":2},"end":{"line":17,"column":36}},"11":{"start":{"line":18,"column":2},"end":{"line":18,"column":30}},"12":{"start":{"line":19,"column":2},"end":{"line":19,"column":28}},"13":{"start":{"line":20,"column":2},"end":{"line":20,"column":35}},"14":{"start":{"line":21,"column":2},"end":{"line":21,"column":44}},"15":{"start":{"line":22,"column":2},"end":{"line":22,"column":39}},"16":{"start":{"line":23,"column":2},"end":{"line":23,"column":49}},"17":{"start":{"line":24,"column":2},"end":{"line":24,"column":45}},"18":{"start":{"line":25,"column":2},"end":{"line":35,"column":3}},"19":{"start":{"line":25,"column":15},"end":{"line":25,"column":16}},"20":{"start":{"line":26,"column":29},"end":{"line":26,"column":58}},"21":{"start":{"line":27,"column":25},"end":{"line":27,"column":52}},"22":{"start":{"line":28,"column":4},"end":{"line":28,"column":40}},"23":{"start":{"line":29,"column":4},"end":{"line":29,"column":47}},"24":{"start":{"line":30,"column":4},"end":{"line":30,"column":48}},"25":{"start":{"line":31,"column":4},"end":{"line":31,"column":59}},"26":{"start":{"line":32,"column":4},"end":{"line":32,"column":50}},"27":{"start":{"line":33,"column":4},"end":{"line":33,"column":56}},"28":{"start":{"line":34,"column":4},"end":{"line":34,"column":34}},"29":{"start":{"line":36,"column":2},"end":{"line":36,"column":14}}},"fnMap":{"0":{"name":"(anonymous_0)","decl":{"start":{"line":7,"column":14},"end":{"line":7,"column":15}},"loc":{"start":{"line":7,"column":36},"end":{"line":37,"column":1}},"line":7}},"branchMap":{},"s":{"0":7,"1":1,"2":1,"3":1,"4":1,"5":1,"6":1,"7":1,"8":1,"9":1,"10":1,"11":1,"12":1,"13":1,"14":1,"15":1,"16":1,"17":1,"18":1,"19":1,"20":0,"21":0,"22":0,"23":0,"24":0,"25":0,"26":0,"27":0,"28":0,"29":1},"f":{"0":1},"b":{},"_coverageSchema":"1a1c01bbd47fc00a2c39e90264f33305004495a9","hash":"cc2b2721d99de5b8a1cd7f1000cfa83b818f80e8"}
,"/home/pastor/Documentos/Microverse/Js/To-Do-List/src/viewtasks.js": {"path":"/home/pastor/Documentos/Microverse/Js/To-Do-List/src/viewtasks.js","statementMap":{"0":{"start":{"line":7,"column":17},"end":{"line":7,"column":32}},"1":{"start":{"line":8,"column":15},"end":{"line":8,"column":56}},"2":{"start":{"line":9,"column":17},"end":{"line":9,"column":63}},"3":{"start":{"line":10,"column":15},"end":{"line":10,"column":51}},"4":{"start":{"line":11,"column":22},"end":{"line":11,"column":65}},"5":{"start":{"line":12,"column":2},"end":{"line":12,"column":28}},"6":{"start":{"line":13,"column":2},"end":{"line":13,"column":33}},"7":{"start":{"line":14,"column":2},"end":{"line":14,"column":27}},"8":{"start":{"line":15,"column":2},"end":{"line":15,"column":41}},"9":{"start":{"line":16,"column":2},"end":{"line":16,"column":25}},"10":{"start":{"line":17,"column":2},"end":{"line":17,"column":16}},"11":{"start":{"line":18,"column":2},"end":{"line":18,"column":20}},"12":{"start":{"line":22,"column":20},"end":{"line":22,"column":47}},"13":{"start":{"line":23,"column":15},"end":{"line":23,"column":45}},"14":{"start":{"line":24,"column":16},"end":{"line":24,"column":47}},"15":{"start":{"line":25,"column":22},"end":{"line":25,"column":56}},"16":{"start":{"line":26,"column":17},"end":{"line":26,"column":49}},"17":{"start":{"line":27,"column":17},"end":{"line":27,"column":49}},"18":{"start":{"line":28,"column":19},"end":{"line":28,"column":49}},"19":{"start":{"line":29,"column":14},"end":{"line":29,"column":46}},"20":{"start":{"line":30,"column":14},"end":{"line":30,"column":46}},"21":{"start":{"line":31,"column":14},"end":{"line":31,"column":46}},"22":{"start":{"line":32,"column":15},"end":{"line":32,"column":46}},"23":{"start":{"line":33,"column":2},"end":{"line":33,"column":30}},"24":{"start":{"line":34,"column":2},"end":{"line":34,"column":26}},"25":{"start":{"line":35,"column":2},"end":{"line":35,"column":32}},"26":{"start":{"line":36,"column":2},"end":{"line":36,"column":29}},"27":{"start":{"line":37,"column":2},"end":{"line":37,"column":27}},"28":{"start":{"line":38,"column":2},"end":{"line":38,"column":26}},"29":{"start":{"line":39,"column":2},"end":{"line":39,"column":26}},"30":{"start":{"line":40,"column":2},"end":{"line":40,"column":26}},"31":{"start":{"line":41,"column":2},"end":{"line":41,"column":25}},"32":{"start":{"line":42,"column":2},"end":{"line":42,"column":27}},"33":{"start":{"line":43,"column":2},"end":{"line":43,"column":39}},"34":{"start":{"line":44,"column":2},"end":{"line":44,"column":39}},"35":{"start":{"line":45,"column":2},"end":{"line":45,"column":52}},"36":{"start":{"line":46,"column":2},"end":{"line":46,"column":45}},"37":{"start":{"line":47,"column":2},"end":{"line":47,"column":52}},"38":{"start":{"line":48,"column":2},"end":{"line":48,"column":53}},"39":{"start":{"line":49,"column":2},"end":{"line":49,"column":27}},"40":{"start":{"line":50,"column":2},"end":{"line":50,"column":52}},"41":{"start":{"line":51,"column":2},"end":{"line":51,"column":40}},"42":{"start":{"line":52,"column":2},"end":{"line":52,"column":41}},"43":{"start":{"line":53,"column":2},"end":{"line":53,"column":26}},"44":{"start":{"line":54,"column":2},"end":{"line":54,"column":29}},"45":{"start":{"line":55,"column":2},"end":{"line":55,"column":27}},"46":{"start":{"line":56,"column":2},"end":{"line":56,"column":37}},"47":{"start":{"line":57,"column":2},"end":{"line":57,"column":51}},"48":{"start":{"line":58,"column":2},"end":{"line":58,"column":54}},"49":{"start":{"line":59,"column":2},"end":{"line":59,"column":51}},"50":{"start":{"line":60,"column":2},"end":{"line":60,"column":36}},"51":{"start":{"line":61,"column":2},"end":{"line":61,"column":52}},"52":{"start":{"line":62,"column":2},"end":{"line":62,"column":39}},"53":{"start":{"line":63,"column":2},"end":{"line":65,"column":5}},"54":{"start":{"line":64,"column":4},"end":{"line":64,"column":33}},"55":{"start":{"line":69,"column":13},"end":{"line":137,"column":1}},"56":{"start":{"line":70,"column":20},"end":{"line":70,"column":52}},"57":{"start":{"line":71,"column":2},"end":{"line":71,"column":28}},"58":{"start":{"line":72,"column":19},"end":{"line":72,"column":48}},"59":{"start":{"line":73,"column":16},"end":{"line":73,"column":24}},"60":{"start":{"line":74,"column":2},"end":{"line":74,"column":34}},"61":{"start":{"line":75,"column":2},"end":{"line":75,"column":49}},"62":{"start":{"line":76,"column":2},"end":{"line":135,"column":3}},"63":{"start":{"line":76,"column":15},"end":{"line":76,"column":16}},"64":{"start":{"line":77,"column":16},"end":{"line":77,"column":45}},"65":{"start":{"line":78,"column":18},"end":{"line":78,"column":48}},"66":{"start":{"line":79,"column":24},"end":{"line":79,"column":54}},"67":{"start":{"line":80,"column":17},"end":{"line":80,"column":47}},"68":{"start":{"line":81,"column":24},"end":{"line":81,"column":56}},"69":{"start":{"line":82,"column":21},"end":{"line":82,"column":53}},"70":{"start":{"line":83,"column":23},"end":{"line":83,"column":55}},"71":{"start":{"line":84,"column":4},"end":{"line":84,"column":30}},"72":{"start":{"line":85,"column":4},"end":{"line":85,"column":33}},"73":{"start":{"line":86,"column":4},"end":{"line":86,"column":27}},"74":{"start":{"line":87,"column":4},"end":{"line":87,"column":26}},"75":{"start":{"line":88,"column":4},"end":{"line":88,"column":33}},"76":{"start":{"line":89,"column":4},"end":{"line":89,"column":30}},"77":{"start":{"line":90,"column":4},"end":{"line":90,"column":32}},"78":{"start":{"line":91,"column":4},"end":{"line":91,"column":45}},"79":{"start":{"line":92,"column":4},"end":{"line":92,"column":48}},"80":{"start":{"line":93,"column":4},"end":{"line":93,"column":47}},"81":{"start":{"line":94,"column":4},"end":{"line":94,"column":44}},"82":{"start":{"line":95,"column":4},"end":{"line":95,"column":42}},"83":{"start":{"line":96,"column":4},"end":{"line":96,"column":56}},"84":{"start":{"line":97,"column":4},"end":{"line":97,"column":44}},"85":{"start":{"line":98,"column":4},"end":{"line":98,"column":44}},"86":{"start":{"line":99,"column":4},"end":{"line":99,"column":122}},"87":{"start":{"line":100,"column":4},"end":{"line":100,"column":46}},"88":{"start":{"line":101,"column":4},"end":{"line":101,"column":46}},"89":{"start":{"line":102,"column":4},"end":{"line":102,"column":126}},"90":{"start":{"line":103,"column":4},"end":{"line":106,"column":5}},"91":{"start":{"line":104,"column":6},"end":{"line":104,"column":41}},"92":{"start":{"line":105,"column":6},"end":{"line":105,"column":40}},"93":{"start":{"line":107,"column":4},"end":{"line":113,"column":5}},"94":{"start":{"line":108,"column":6},"end":{"line":108,"column":60}},"95":{"start":{"line":109,"column":11},"end":{"line":113,"column":5}},"96":{"start":{"line":110,"column":6},"end":{"line":110,"column":64}},"97":{"start":{"line":112,"column":6},"end":{"line":112,"column":61}},"98":{"start":{"line":114,"column":4},"end":{"line":124,"column":7}},"99":{"start":{"line":115,"column":6},"end":{"line":115,"column":41}},"100":{"start":{"line":116,"column":6},"end":{"line":116,"column":40}},"101":{"start":{"line":117,"column":6},"end":{"line":117,"column":50}},"102":{"start":{"line":118,"column":6},"end":{"line":122,"column":7}},"103":{"start":{"line":119,"column":8},"end":{"line":119,"column":37}},"104":{"start":{"line":121,"column":8},"end":{"line":121,"column":36}},"105":{"start":{"line":123,"column":6},"end":{"line":123,"column":20}},"106":{"start":{"line":126,"column":4},"end":{"line":128,"column":7}},"107":{"start":{"line":127,"column":6},"end":{"line":127,"column":44}},"108":{"start":{"line":130,"column":4},"end":{"line":134,"column":7}},"109":{"start":{"line":131,"column":6},"end":{"line":131,"column":25}},"110":{"start":{"line":132,"column":6},"end":{"line":132,"column":15}},"111":{"start":{"line":133,"column":6},"end":{"line":133,"column":20}},"112":{"start":{"line":136,"column":2},"end":{"line":136,"column":12}}},"fnMap":{"0":{"name":"update","decl":{"start":{"line":6,"column":9},"end":{"line":6,"column":15}},"loc":{"start":{"line":6,"column":36},"end":{"line":19,"column":1}},"line":6},"1":{"name":"editFrom","decl":{"start":{"line":21,"column":9},"end":{"line":21,"column":17}},"loc":{"start":{"line":21,"column":44},"end":{"line":66,"column":1}},"line":21},"2":{"name":"(anonymous_2)","decl":{"start":{"line":63,"column":35},"end":{"line":63,"column":36}},"loc":{"start":{"line":63,"column":45},"end":{"line":65,"column":3}},"line":63},"3":{"name":"(anonymous_3)","decl":{"start":{"line":69,"column":13},"end":{"line":69,"column":14}},"loc":{"start":{"line":69,"column":30},"end":{"line":137,"column":1}},"line":69},"4":{"name":"(anonymous_4)","decl":{"start":{"line":114,"column":42},"end":{"line":114,"column":43}},"loc":{"start":{"line":114,"column":54},"end":{"line":124,"column":5}},"line":114},"5":{"name":"(anonymous_5)","decl":{"start":{"line":126,"column":39},"end":{"line":126,"column":40}},"loc":{"start":{"line":126,"column":51},"end":{"line":128,"column":5}},"line":126},"6":{"name":"(anonymous_6)","decl":{"start":{"line":130,"column":41},"end":{"line":130,"column":42}},"loc":{"start":{"line":130,"column":55},"end":{"line":134,"column":5}},"line":130}},"branchMap":{"0":{"loc":{"start":{"line":103,"column":4},"end":{"line":106,"column":5}},"type":"if","locations":[{"start":{"line":103,"column":4},"end":{"line":106,"column":5}},{"start":{"line":103,"column":4},"end":{"line":106,"column":5}}],"line":103},"1":{"loc":{"start":{"line":107,"column":4},"end":{"line":113,"column":5}},"type":"if","locations":[{"start":{"line":107,"column":4},"end":{"line":113,"column":5}},{"start":{"line":107,"column":4},"end":{"line":113,"column":5}}],"line":107},"2":{"loc":{"start":{"line":109,"column":11},"end":{"line":113,"column":5}},"type":"if","locations":[{"start":{"line":109,"column":11},"end":{"line":113,"column":5}},{"start":{"line":109,"column":11},"end":{"line":113,"column":5}}],"line":109},"3":{"loc":{"start":{"line":118,"column":6},"end":{"line":122,"column":7}},"type":"if","locations":[{"start":{"line":118,"column":6},"end":{"line":122,"column":7}},{"start":{"line":118,"column":6},"end":{"line":122,"column":7}}],"line":118}},"s":{"0":0,"1":0,"2":0,"3":0,"4":0,"5":0,"6":0,"7":0,"8":0,"9":0,"10":0,"11":0,"12":0,"13":0,"14":0,"15":0,"16":0,"17":0,"18":0,"19":0,"20":0,"21":0,"22":0,"23":0,"24":0,"25":0,"26":0,"27":0,"28":0,"29":0,"30":0,"31":0,"32":0,"33":0,"34":0,"35":0,"36":0,"37":0,"38":0,"39":0,"40":0,"41":0,"42":0,"43":0,"44":0,"45":0,"46":0,"47":0,"48":0,"49":0,"50":0,"51":0,"52":0,"53":0,"54":0,"55":7,"56":1,"57":1,"58":1,"59":1,"60":1,"61":1,"62":1,"63":1,"64":0,"65":0,"66":0,"67":0,"68":0,"69":0,"70":0,"71":0,"72":0,"73":0,"74":0,"75":0,"76":0,"77":0,"78":0,"79":0,"80":0,"81":0,"82":0,"83":0,"84":0,"85":0,"86":0,"87":0,"88":0,"89":0,"90":0,"91":0,"92":0,"93":0,"94":0,"95":0,"96":0,"97":0,"98":0,"99":0,"100":0,"101":0,"102":0,"103":0,"104":0,"105":0,"106":0,"107":0,"108":0,"109":0,"110":0,"111":0,"112":1},"f":{"0":0,"1":0,"2":0,"3":1,"4":0,"5":0,"6":0},"b":{"0":[0,0],"1":[0,0],"2":[0,0],"3":[0,0]},"_coverageSchema":"1a1c01bbd47fc00a2c39e90264f33305004495a9","hash":"531f723134a131c82d4073442fc0215fa79079b2"}
,"/home/pastor/Documentos/Microverse/Js/To-Do-List/src/viewtodos.js": {"path":"/home/pastor/Documentos/Microverse/Js/To-Do-List/src/viewtodos.js","statementMap":{"0":{"start":{"line":5,"column":18},"end":{"line":52,"column":1}},"1":{"start":{"line":6,"column":20},"end":{"line":6,"column":55}},"2":{"start":{"line":7,"column":16},"end":{"line":7,"column":24}},"3":{"start":{"line":8,"column":19},"end":{"line":8,"column":48}},"4":{"start":{"line":9,"column":2},"end":{"line":9,"column":34}},"5":{"start":{"line":10,"column":2},"end":{"line":10,"column":49}},"6":{"start":{"line":11,"column":2},"end":{"line":50,"column":3}},"7":{"start":{"line":11,"column":15},"end":{"line":11,"column":16}},"8":{"start":{"line":12,"column":16},"end":{"line":12,"column":45}},"9":{"start":{"line":13,"column":18},"end":{"line":13,"column":48}},"10":{"start":{"line":14,"column":17},"end":{"line":14,"column":47}},"11":{"start":{"line":15,"column":23},"end":{"line":15,"column":53}},"12":{"start":{"line":16,"column":24},"end":{"line":16,"column":56}},"13":{"start":{"line":17,"column":4},"end":{"line":17,"column":30}},"14":{"start":{"line":18,"column":4},"end":{"line":18,"column":33}},"15":{"start":{"line":19,"column":4},"end":{"line":19,"column":27}},"16":{"start":{"line":20,"column":4},"end":{"line":20,"column":26}},"17":{"start":{"line":21,"column":4},"end":{"line":21,"column":32}},"18":{"start":{"line":22,"column":4},"end":{"line":22,"column":45}},"19":{"start":{"line":23,"column":4},"end":{"line":23,"column":48}},"20":{"start":{"line":24,"column":4},"end":{"line":24,"column":47}},"21":{"start":{"line":25,"column":4},"end":{"line":25,"column":44}},"22":{"start":{"line":26,"column":4},"end":{"line":26,"column":42}},"23":{"start":{"line":27,"column":4},"end":{"line":27,"column":55}},"24":{"start":{"line":28,"column":4},"end":{"line":31,"column":5}},"25":{"start":{"line":29,"column":6},"end":{"line":29,"column":41}},"26":{"start":{"line":30,"column":6},"end":{"line":30,"column":40}},"27":{"start":{"line":32,"column":4},"end":{"line":38,"column":5}},"28":{"start":{"line":33,"column":6},"end":{"line":33,"column":60}},"29":{"start":{"line":34,"column":11},"end":{"line":38,"column":5}},"30":{"start":{"line":35,"column":6},"end":{"line":35,"column":64}},"31":{"start":{"line":37,"column":6},"end":{"line":37,"column":61}},"32":{"start":{"line":39,"column":4},"end":{"line":49,"column":7}},"33":{"start":{"line":40,"column":6},"end":{"line":40,"column":41}},"34":{"start":{"line":41,"column":6},"end":{"line":41,"column":40}},"35":{"start":{"line":42,"column":6},"end":{"line":42,"column":50}},"36":{"start":{"line":43,"column":6},"end":{"line":47,"column":7}},"37":{"start":{"line":44,"column":8},"end":{"line":44,"column":37}},"38":{"start":{"line":46,"column":8},"end":{"line":46,"column":36}},"39":{"start":{"line":48,"column":6},"end":{"line":48,"column":20}},"40":{"start":{"line":51,"column":2},"end":{"line":51,"column":12}}},"fnMap":{"0":{"name":"(anonymous_0)","decl":{"start":{"line":5,"column":18},"end":{"line":5,"column":19}},"loc":{"start":{"line":5,"column":42},"end":{"line":52,"column":1}},"line":5},"1":{"name":"(anonymous_1)","decl":{"start":{"line":39,"column":42},"end":{"line":39,"column":43}},"loc":{"start":{"line":39,"column":54},"end":{"line":49,"column":5}},"line":39}},"branchMap":{"0":{"loc":{"start":{"line":28,"column":4},"end":{"line":31,"column":5}},"type":"if","locations":[{"start":{"line":28,"column":4},"end":{"line":31,"column":5}},{"start":{"line":28,"column":4},"end":{"line":31,"column":5}}],"line":28},"1":{"loc":{"start":{"line":32,"column":4},"end":{"line":38,"column":5}},"type":"if","locations":[{"start":{"line":32,"column":4},"end":{"line":38,"column":5}},{"start":{"line":32,"column":4},"end":{"line":38,"column":5}}],"line":32},"2":{"loc":{"start":{"line":34,"column":11},"end":{"line":38,"column":5}},"type":"if","locations":[{"start":{"line":34,"column":11},"end":{"line":38,"column":5}},{"start":{"line":34,"column":11},"end":{"line":38,"column":5}}],"line":34},"3":{"loc":{"start":{"line":43,"column":6},"end":{"line":47,"column":7}},"type":"if","locations":[{"start":{"line":43,"column":6},"end":{"line":47,"column":7}},{"start":{"line":43,"column":6},"end":{"line":47,"column":7}}],"line":43}},"s":{"0":7,"1":1,"2":1,"3":1,"4":1,"5":1,"6":1,"7":1,"8":0,"9":0,"10":0,"11":0,"12":0,"13":0,"14":0,"15":0,"16":0,"17":0,"18":0,"19":0,"20":0,"21":0,"22":0,"23":0,"24":0,"25":0,"26":0,"27":0,"28":0,"29":0,"30":0,"31":0,"32":0,"33":0,"34":0,"35":0,"36":0,"37":0,"38":0,"39":0,"40":1},"f":{"0":1,"1":0},"b":{"0":[0,0],"1":[0,0],"2":[0,0],"3":[0,0]},"_coverageSchema":"1a1c01bbd47fc00a2c39e90264f33305004495a9","hash":"280e8f3b99ade575f16b9f35ea98444b1f23b71e"}
}
